<?xml version="1.0" encoding="UTF-8"?>
<testsuite xmlns:xsi="http://www.w3.org/2001/XMLSchema-instance" xsi:noNamespaceSchemaLocation="https://maven.apache.org/surefire/maven-surefire-plugin/xsd/surefire-test-report-3.0.xsd" version="3.0" name="actors.UfoTest" time="0.005" tests="8" errors="0" skipped="0" failures="0">
  <properties>
[...]
</properties>
  <testcase name="testNotMarkedIfStillInBounds" classname="actors.UfoTest" time="0.001"/>
  <testcase name="testMarkedForRemovalWhenOutOfBounds" classname="actors.UfoTest" time="0"/>
  <testcase name="testInstantiation" classname="actors.UfoTest" time="0"/>
  <testcase name="testActIncreasesX" classname="actors.UfoTest" time="0"/>
  <testcase name="testCollisionWithOtherActorDoesNotRemoveUfo" classname="actors.UfoTest" time="0"/>
  <testcase name="testPointValue" classname="actors.UfoTest" time="0"/>
  <testcase name="testInitialPositionAndVelocity" classname="actors.UfoTest" time="0"/>
  <testcase name="testCollisionWithShotRemovesUfo" classname="actors.UfoTest" time="0"/>
</testsuite>